<?xml version="1.0" encoding="utf-8"?><testsuites><testsuite name="pytest" errors="0" failures="0" skipped="1" tests="8" time="0.054" timestamp="2023-02-13T23:07:49.422702" hostname="archlinux"><testcase classname="bytebank-tdd.tests.test_bytebank.TestClass" name="test_quando_idade_recebe_13_03_2000_deve_retornar_22" time="0.001" /><testcase classname="bytebank-tdd.tests.test_bytebank.TestClass" name="test_quando_sobrenome_recebe_Lucas_Carvalho_deve_retornar_Carvalho" time="0.000" /><testcase classname="bytebank-tdd.tests.test_bytebank.TestClass" name="test_quando_decrescimo_salario_recebe_100000_deve_retornar_90000" time="0.000" /><testcase classname="bytebank-tdd.tests.test_bytebank.TestClass" name="test_quando_decrescimo_recebe_valor_e_nao_e_socio_nao_deve_descontar" time="0.001" /><testcase classname="bytebank-tdd.tests.test_bytebank.TestClass" name="test_quando_chamar_print_em_funcionario_printa_informacao_correta" time="0.000" /><testcase classname="bytebank-tdd.tests.test_bytebank.TestClass" name="test_quando_salario_for_menor_que_10_mil_retorna_um_bonus_de_10_porcento" time="0.000" /><testcase classname="bytebank-tdd.tests.test_bytebank.TestClass" name="test_quando_salario_for_maior_que_10_mil_retorna_exception" time="0.001" /><testcase classname="bytebank-tdd.tests.test_bytebank.TestClass" name="test_quando_salario_for_maior_que10_mil_retorna_exception" time="0.000"><skipped type="pytest.skip" message="unconditional skip">/home/eduardo/Documents/pytest/alura/bytebank-tdd/tests/test_bytebank.py:70: unconditional skip</skipped></testcase></testsuite></testsuites>